Feb 19 2022 17:52:56
{"type":8192,"message":"Return type of Ai1wm_Recursive_Exclude_Filter::accept() should either be compatible with FilterIterator::accept(): bool, or the #[\\ReturnTypeWillChange] attribute should be used to temporarily suppress the notice","file":"C:\\xampp\\htdocs\\CMS\\Kilife\\wp-content\\plugins\\all-in-one-wp-migration\\lib\\vendor\\servmask\\filter\\class-ai1wm-recursive-exclude-filter.php","line":43}

Feb 19 2022 17:52:57
{"type":8192,"message":"Return type of Ai1wm_Recursive_Exclude_Filter::accept() should either be compatible with FilterIterator::accept(): bool, or the #[\\ReturnTypeWillChange] attribute should be used to temporarily suppress the notice","file":"C:\\xampp\\htdocs\\CMS\\Kilife\\wp-content\\plugins\\all-in-one-wp-migration\\lib\\vendor\\servmask\\filter\\class-ai1wm-recursive-exclude-filter.php","line":43}

Feb 19 2022 17:52:57
{"type":8192,"message":"Return type of Ai1wm_Recursive_Exclude_Filter::accept() should either be compatible with FilterIterator::accept(): bool, or the #[\\ReturnTypeWillChange] attribute should be used to temporarily suppress the notice","file":"C:\\xampp\\htdocs\\CMS\\Kilife\\wp-content\\plugins\\all-in-one-wp-migration\\lib\\vendor\\servmask\\filter\\class-ai1wm-recursive-exclude-filter.php","line":43}

Feb 19 2022 17:52:57
{"type":8192,"message":"Return type of Ai1wm_Recursive_Exclude_Filter::accept() should either be compatible with FilterIterator::accept(): bool, or the #[\\ReturnTypeWillChange] attribute should be used to temporarily suppress the notice","file":"C:\\xampp\\htdocs\\CMS\\Kilife\\wp-content\\plugins\\all-in-one-wp-migration\\lib\\vendor\\servmask\\filter\\class-ai1wm-recursive-exclude-filter.php","line":43}

Feb 19 2022 17:52:58
{"type":8192,"message":"Return type of Ai1wm_Recursive_Exclude_Filter::accept() should either be compatible with FilterIterator::accept(): bool, or the #[\\ReturnTypeWillChange] attribute should be used to temporarily suppress the notice","file":"C:\\xampp\\htdocs\\CMS\\Kilife\\wp-content\\plugins\\all-in-one-wp-migration\\lib\\vendor\\servmask\\filter\\class-ai1wm-recursive-exclude-filter.php","line":43}

Feb 19 2022 17:53:01
{"type":8192,"message":"Return type of Ai1wm_Recursive_Exclude_Filter::accept() should either be compatible with FilterIterator::accept(): bool, or the #[\\ReturnTypeWillChange] attribute should be used to temporarily suppress the notice","file":"C:\\xampp\\htdocs\\CMS\\Kilife\\wp-content\\plugins\\all-in-one-wp-migration\\lib\\vendor\\servmask\\filter\\class-ai1wm-recursive-exclude-filter.php","line":43}

Feb 19 2022 17:53:04
{"type":8192,"message":"Return type of Ai1wm_Recursive_Exclude_Filter::accept() should either be compatible with FilterIterator::accept(): bool, or the #[\\ReturnTypeWillChange] attribute should be used to temporarily suppress the notice","file":"C:\\xampp\\htdocs\\CMS\\Kilife\\wp-content\\plugins\\all-in-one-wp-migration\\lib\\vendor\\servmask\\filter\\class-ai1wm-recursive-exclude-filter.php","line":43}

Feb 19 2022 17:53:04
{"type":8192,"message":"Return type of Ai1wm_Recursive_Exclude_Filter::accept() should either be compatible with FilterIterator::accept(): bool, or the #[\\ReturnTypeWillChange] attribute should be used to temporarily suppress the notice","file":"C:\\xampp\\htdocs\\CMS\\Kilife\\wp-content\\plugins\\all-in-one-wp-migration\\lib\\vendor\\servmask\\filter\\class-ai1wm-recursive-exclude-filter.php","line":43}

Feb 19 2022 17:53:04
{"type":8192,"message":"Return type of Ai1wm_Recursive_Exclude_Filter::accept() should either be compatible with FilterIterator::accept(): bool, or the #[\\ReturnTypeWillChange] attribute should be used to temporarily suppress the notice","file":"C:\\xampp\\htdocs\\CMS\\Kilife\\wp-content\\plugins\\all-in-one-wp-migration\\lib\\vendor\\servmask\\filter\\class-ai1wm-recursive-exclude-filter.php","line":43}

Feb 19 2022 17:53:05
{"type":8192,"message":"Return type of Ai1wm_Recursive_Exclude_Filter::accept() should either be compatible with FilterIterator::accept(): bool, or the #[\\ReturnTypeWillChange] attribute should be used to temporarily suppress the notice","file":"C:\\xampp\\htdocs\\CMS\\Kilife\\wp-content\\plugins\\all-in-one-wp-migration\\lib\\vendor\\servmask\\filter\\class-ai1wm-recursive-exclude-filter.php","line":43}

Feb 19 2022 17:53:09
{"type":8192,"message":"Return type of Ai1wm_Recursive_Exclude_Filter::accept() should either be compatible with FilterIterator::accept(): bool, or the #[\\ReturnTypeWillChange] attribute should be used to temporarily suppress the notice","file":"C:\\xampp\\htdocs\\CMS\\Kilife\\wp-content\\plugins\\all-in-one-wp-migration\\lib\\vendor\\servmask\\filter\\class-ai1wm-recursive-exclude-filter.php","line":43}

Feb 19 2022 17:53:13
{"type":8192,"message":"Return type of Ai1wm_Recursive_Exclude_Filter::accept() should either be compatible with FilterIterator::accept(): bool, or the #[\\ReturnTypeWillChange] attribute should be used to temporarily suppress the notice","file":"C:\\xampp\\htdocs\\CMS\\Kilife\\wp-content\\plugins\\all-in-one-wp-migration\\lib\\vendor\\servmask\\filter\\class-ai1wm-recursive-exclude-filter.php","line":43}

Feb 19 2022 17:53:15
{"type":8192,"message":"Return type of Ai1wm_Recursive_Exclude_Filter::accept() should either be compatible with FilterIterator::accept(): bool, or the #[\\ReturnTypeWillChange] attribute should be used to temporarily suppress the notice","file":"C:\\xampp\\htdocs\\CMS\\Kilife\\wp-content\\plugins\\all-in-one-wp-migration\\lib\\vendor\\servmask\\filter\\class-ai1wm-recursive-exclude-filter.php","line":43}

Feb 19 2022 17:53:16
{"type":8192,"message":"Return type of Ai1wm_Recursive_Exclude_Filter::accept() should either be compatible with FilterIterator::accept(): bool, or the #[\\ReturnTypeWillChange] attribute should be used to temporarily suppress the notice","file":"C:\\xampp\\htdocs\\CMS\\Kilife\\wp-content\\plugins\\all-in-one-wp-migration\\lib\\vendor\\servmask\\filter\\class-ai1wm-recursive-exclude-filter.php","line":43}

Feb 19 2022 17:53:20
{"type":8192,"message":"Return type of Ai1wm_Recursive_Exclude_Filter::accept() should either be compatible with FilterIterator::accept(): bool, or the #[\\ReturnTypeWillChange] attribute should be used to temporarily suppress the notice","file":"C:\\xampp\\htdocs\\CMS\\Kilife\\wp-content\\plugins\\all-in-one-wp-migration\\lib\\vendor\\servmask\\filter\\class-ai1wm-recursive-exclude-filter.php","line":43}

Feb 19 2022 17:53:25
{"type":8192,"message":"Return type of Ai1wm_Recursive_Exclude_Filter::accept() should either be compatible with FilterIterator::accept(): bool, or the #[\\ReturnTypeWillChange] attribute should be used to temporarily suppress the notice","file":"C:\\xampp\\htdocs\\CMS\\Kilife\\wp-content\\plugins\\all-in-one-wp-migration\\lib\\vendor\\servmask\\filter\\class-ai1wm-recursive-exclude-filter.php","line":43}

Feb 19 2022 17:53:26
{"type":8192,"message":"Return type of Ai1wm_Recursive_Exclude_Filter::accept() should either be compatible with FilterIterator::accept(): bool, or the #[\\ReturnTypeWillChange] attribute should be used to temporarily suppress the notice","file":"C:\\xampp\\htdocs\\CMS\\Kilife\\wp-content\\plugins\\all-in-one-wp-migration\\lib\\vendor\\servmask\\filter\\class-ai1wm-recursive-exclude-filter.php","line":43}

Feb 19 2022 17:53:33
{"type":8192,"message":"Return type of Ai1wm_Recursive_Exclude_Filter::accept() should either be compatible with FilterIterator::accept(): bool, or the #[\\ReturnTypeWillChange] attribute should be used to temporarily suppress the notice","file":"C:\\xampp\\htdocs\\CMS\\Kilife\\wp-content\\plugins\\all-in-one-wp-migration\\lib\\vendor\\servmask\\filter\\class-ai1wm-recursive-exclude-filter.php","line":43}

Feb 19 2022 17:53:43
{"type":8192,"message":"Return type of Ai1wm_Recursive_Exclude_Filter::accept() should either be compatible with FilterIterator::accept(): bool, or the #[\\ReturnTypeWillChange] attribute should be used to temporarily suppress the notice","file":"C:\\xampp\\htdocs\\CMS\\Kilife\\wp-content\\plugins\\all-in-one-wp-migration\\lib\\vendor\\servmask\\filter\\class-ai1wm-recursive-exclude-filter.php","line":43}

Feb 19 2022 17:53:45
{"type":8192,"message":"Return type of Ai1wm_Recursive_Exclude_Filter::accept() should either be compatible with FilterIterator::accept(): bool, or the #[\\ReturnTypeWillChange] attribute should be used to temporarily suppress the notice","file":"C:\\xampp\\htdocs\\CMS\\Kilife\\wp-content\\plugins\\all-in-one-wp-migration\\lib\\vendor\\servmask\\filter\\class-ai1wm-recursive-exclude-filter.php","line":43}

Feb 19 2022 17:53:49
{"type":8192,"message":"Return type of Ai1wm_Recursive_Exclude_Filter::accept() should either be compatible with FilterIterator::accept(): bool, or the #[\\ReturnTypeWillChange] attribute should be used to temporarily suppress the notice","file":"C:\\xampp\\htdocs\\CMS\\Kilife\\wp-content\\plugins\\all-in-one-wp-migration\\lib\\vendor\\servmask\\filter\\class-ai1wm-recursive-exclude-filter.php","line":43}

Feb 19 2022 17:53:55
{"type":8192,"message":"Return type of Ai1wm_Recursive_Exclude_Filter::accept() should either be compatible with FilterIterator::accept(): bool, or the #[\\ReturnTypeWillChange] attribute should be used to temporarily suppress the notice","file":"C:\\xampp\\htdocs\\CMS\\Kilife\\wp-content\\plugins\\all-in-one-wp-migration\\lib\\vendor\\servmask\\filter\\class-ai1wm-recursive-exclude-filter.php","line":43}

Feb 19 2022 17:53:59
{"type":8192,"message":"Return type of Ai1wm_Recursive_Exclude_Filter::accept() should either be compatible with FilterIterator::accept(): bool, or the #[\\ReturnTypeWillChange] attribute should be used to temporarily suppress the notice","file":"C:\\xampp\\htdocs\\CMS\\Kilife\\wp-content\\plugins\\all-in-one-wp-migration\\lib\\vendor\\servmask\\filter\\class-ai1wm-recursive-exclude-filter.php","line":43}

Feb 19 2022 17:54:00
{"type":8192,"message":"Return type of Ai1wm_Recursive_Exclude_Filter::accept() should either be compatible with FilterIterator::accept(): bool, or the #[\\ReturnTypeWillChange] attribute should be used to temporarily suppress the notice","file":"C:\\xampp\\htdocs\\CMS\\Kilife\\wp-content\\plugins\\all-in-one-wp-migration\\lib\\vendor\\servmask\\filter\\class-ai1wm-recursive-exclude-filter.php","line":43}

Feb 19 2022 17:54:02
{"type":8192,"message":"Return type of Ai1wm_Recursive_Exclude_Filter::accept() should either be compatible with FilterIterator::accept(): bool, or the #[\\ReturnTypeWillChange] attribute should be used to temporarily suppress the notice","file":"C:\\xampp\\htdocs\\CMS\\Kilife\\wp-content\\plugins\\all-in-one-wp-migration\\lib\\vendor\\servmask\\filter\\class-ai1wm-recursive-exclude-filter.php","line":43}

Feb 19 2022 17:54:02
{"Number":8192,"Message":"rtrim(): Passing null to parameter #1 ($string) of type string is deprecated","File":"C:\\xampp\\htdocs\\CMS\\Kilife\\wp-includes\\formatting.php","Line":2761}

Feb 19 2022 17:54:02
{"Number":8192,"Message":"rtrim(): Passing null to parameter #1 ($string) of type string is deprecated","File":"C:\\xampp\\htdocs\\CMS\\Kilife\\wp-includes\\formatting.php","Line":2761}

Feb 19 2022 17:54:02
{"Number":8192,"Message":"rtrim(): Passing null to parameter #1 ($string) of type string is deprecated","File":"C:\\xampp\\htdocs\\CMS\\Kilife\\wp-includes\\formatting.php","Line":2761}

Feb 19 2022 17:54:02
{"Number":8192,"Message":"rtrim(): Passing null to parameter #1 ($string) of type string is deprecated","File":"C:\\xampp\\htdocs\\CMS\\Kilife\\wp-includes\\formatting.php","Line":2761}

Feb 19 2022 17:54:02
{"Number":8192,"Message":"rtrim(): Passing null to parameter #1 ($string) of type string is deprecated","File":"C:\\xampp\\htdocs\\CMS\\Kilife\\wp-includes\\formatting.php","Line":2761}

Feb 19 2022 17:54:02
{"Number":8192,"Message":"rtrim(): Passing null to parameter #1 ($string) of type string is deprecated","File":"C:\\xampp\\htdocs\\CMS\\Kilife\\wp-includes\\formatting.php","Line":2761}

Feb 19 2022 17:54:02
{"Number":8192,"Message":"rtrim(): Passing null to parameter #1 ($string) of type string is deprecated","File":"C:\\xampp\\htdocs\\CMS\\Kilife\\wp-includes\\formatting.php","Line":2761}

Feb 19 2022 17:54:02
{"Number":8192,"Message":"rtrim(): Passing null to parameter #1 ($string) of type string is deprecated","File":"C:\\xampp\\htdocs\\CMS\\Kilife\\wp-includes\\formatting.php","Line":2761}

Feb 19 2022 17:54:02
{"Number":8192,"Message":"rtrim(): Passing null to parameter #1 ($string) of type string is deprecated","File":"C:\\xampp\\htdocs\\CMS\\Kilife\\wp-includes\\formatting.php","Line":2761}

Feb 19 2022 17:54:02
{"Number":8192,"Message":"rtrim(): Passing null to parameter #1 ($string) of type string is deprecated","File":"C:\\xampp\\htdocs\\CMS\\Kilife\\wp-includes\\formatting.php","Line":2761}

Feb 19 2022 17:54:02
{"Number":8192,"Message":"rtrim(): Passing null to parameter #1 ($string) of type string is deprecated","File":"C:\\xampp\\htdocs\\CMS\\Kilife\\wp-includes\\formatting.php","Line":2761}

Feb 19 2022 17:54:02
{"Number":8192,"Message":"rtrim(): Passing null to parameter #1 ($string) of type string is deprecated","File":"C:\\xampp\\htdocs\\CMS\\Kilife\\wp-includes\\formatting.php","Line":2761}

Feb 19 2022 17:54:02
{"Number":8192,"Message":"rtrim(): Passing null to parameter #1 ($string) of type string is deprecated","File":"C:\\xampp\\htdocs\\CMS\\Kilife\\wp-includes\\formatting.php","Line":2761}

Feb 19 2022 17:54:02
{"Number":8192,"Message":"rtrim(): Passing null to parameter #1 ($string) of type string is deprecated","File":"C:\\xampp\\htdocs\\CMS\\Kilife\\wp-includes\\formatting.php","Line":2761}

Feb 19 2022 17:54:02
{"Number":8192,"Message":"rtrim(): Passing null to parameter #1 ($string) of type string is deprecated","File":"C:\\xampp\\htdocs\\CMS\\Kilife\\wp-includes\\formatting.php","Line":2761}

Feb 19 2022 17:54:02
{"Number":8192,"Message":"rtrim(): Passing null to parameter #1 ($string) of type string is deprecated","File":"C:\\xampp\\htdocs\\CMS\\Kilife\\wp-includes\\formatting.php","Line":2761}

Feb 19 2022 17:54:02
{"Number":8192,"Message":"rtrim(): Passing null to parameter #1 ($string) of type string is deprecated","File":"C:\\xampp\\htdocs\\CMS\\Kilife\\wp-includes\\formatting.php","Line":2761}

Feb 19 2022 17:54:02
{"Number":8192,"Message":"rtrim(): Passing null to parameter #1 ($string) of type string is deprecated","File":"C:\\xampp\\htdocs\\CMS\\Kilife\\wp-includes\\formatting.php","Line":2761}

Feb 19 2022 17:54:02
{"Number":8192,"Message":"rtrim(): Passing null to parameter #1 ($string) of type string is deprecated","File":"C:\\xampp\\htdocs\\CMS\\Kilife\\wp-includes\\formatting.php","Line":2761}

Feb 19 2022 17:54:02
{"Number":8192,"Message":"rtrim(): Passing null to parameter #1 ($string) of type string is deprecated","File":"C:\\xampp\\htdocs\\CMS\\Kilife\\wp-includes\\formatting.php","Line":2761}

Feb 19 2022 17:54:02
{"Number":8192,"Message":"rtrim(): Passing null to parameter #1 ($string) of type string is deprecated","File":"C:\\xampp\\htdocs\\CMS\\Kilife\\wp-includes\\formatting.php","Line":2761}

Feb 19 2022 17:54:02
{"Number":8192,"Message":"rtrim(): Passing null to parameter #1 ($string) of type string is deprecated","File":"C:\\xampp\\htdocs\\CMS\\Kilife\\wp-includes\\formatting.php","Line":2761}

Feb 19 2022 17:54:02
{"Number":8192,"Message":"rtrim(): Passing null to parameter #1 ($string) of type string is deprecated","File":"C:\\xampp\\htdocs\\CMS\\Kilife\\wp-includes\\formatting.php","Line":2761}

Feb 19 2022 17:54:02
{"Number":8192,"Message":"rtrim(): Passing null to parameter #1 ($string) of type string is deprecated","File":"C:\\xampp\\htdocs\\CMS\\Kilife\\wp-includes\\formatting.php","Line":2761}

Feb 19 2022 17:54:02
{"Number":8192,"Message":"rtrim(): Passing null to parameter #1 ($string) of type string is deprecated","File":"C:\\xampp\\htdocs\\CMS\\Kilife\\wp-includes\\formatting.php","Line":2761}

Feb 19 2022 17:54:02
{"Number":8192,"Message":"rtrim(): Passing null to parameter #1 ($string) of type string is deprecated","File":"C:\\xampp\\htdocs\\CMS\\Kilife\\wp-includes\\formatting.php","Line":2761}

Feb 19 2022 17:54:02
{"Number":8192,"Message":"rtrim(): Passing null to parameter #1 ($string) of type string is deprecated","File":"C:\\xampp\\htdocs\\CMS\\Kilife\\wp-includes\\formatting.php","Line":2761}

Feb 19 2022 17:54:02
{"Number":8192,"Message":"rtrim(): Passing null to parameter #1 ($string) of type string is deprecated","File":"C:\\xampp\\htdocs\\CMS\\Kilife\\wp-includes\\formatting.php","Line":2761}

Feb 19 2022 17:54:02
{"Number":8192,"Message":"rtrim(): Passing null to parameter #1 ($string) of type string is deprecated","File":"C:\\xampp\\htdocs\\CMS\\Kilife\\wp-includes\\formatting.php","Line":2761}

Feb 19 2022 17:54:02
{"Number":8192,"Message":"rtrim(): Passing null to parameter #1 ($string) of type string is deprecated","File":"C:\\xampp\\htdocs\\CMS\\Kilife\\wp-includes\\formatting.php","Line":2761}

Feb 19 2022 17:54:06
{"type":8192,"message":"Return type of Ai1wm_Recursive_Exclude_Filter::accept() should either be compatible with FilterIterator::accept(): bool, or the #[\\ReturnTypeWillChange] attribute should be used to temporarily suppress the notice","file":"C:\\xampp\\htdocs\\CMS\\Kilife\\wp-content\\plugins\\all-in-one-wp-migration\\lib\\vendor\\servmask\\filter\\class-ai1wm-recursive-exclude-filter.php","line":43}

Feb 19 2022 17:54:09
{"type":8192,"message":"Return type of Ai1wm_Recursive_Exclude_Filter::accept() should either be compatible with FilterIterator::accept(): bool, or the #[\\ReturnTypeWillChange] attribute should be used to temporarily suppress the notice","file":"C:\\xampp\\htdocs\\CMS\\Kilife\\wp-content\\plugins\\all-in-one-wp-migration\\lib\\vendor\\servmask\\filter\\class-ai1wm-recursive-exclude-filter.php","line":43}

Feb 19 2022 17:54:10
{"type":8192,"message":"Return type of Ai1wm_Recursive_Exclude_Filter::accept() should either be compatible with FilterIterator::accept(): bool, or the #[\\ReturnTypeWillChange] attribute should be used to temporarily suppress the notice","file":"C:\\xampp\\htdocs\\CMS\\Kilife\\wp-content\\plugins\\all-in-one-wp-migration\\lib\\vendor\\servmask\\filter\\class-ai1wm-recursive-exclude-filter.php","line":43}

Feb 19 2022 17:54:10
{"type":8192,"message":"Return type of Ai1wm_Recursive_Exclude_Filter::accept() should either be compatible with FilterIterator::accept(): bool, or the #[\\ReturnTypeWillChange] attribute should be used to temporarily suppress the notice","file":"C:\\xampp\\htdocs\\CMS\\Kilife\\wp-content\\plugins\\all-in-one-wp-migration\\lib\\vendor\\servmask\\filter\\class-ai1wm-recursive-exclude-filter.php","line":43}

Feb 19 2022 17:54:12
{"Number":8192,"Message":"DateTime::__construct(): Passing null to parameter #1 ($datetime) of type string is deprecated","File":"C:\\xampp\\htdocs\\CMS\\Kilife\\wp-content\\plugins\\woocommerce\\packages\\action-scheduler\\functions.php","Line":316}

Feb 19 2022 17:54:12
{"type":8192,"message":"strpos(): Passing null to parameter #1 ($haystack) of type string is deprecated","file":"C:\\xampp\\htdocs\\CMS\\Kilife\\wp-content\\themes\\blocksy\\inc\\classes\\blocksy-blocks-parser.php","line":19}

Feb 19 2022 17:54:14
{"type":8192,"message":"strpos(): Passing null to parameter #1 ($haystack) of type string is deprecated","file":"C:\\xampp\\htdocs\\CMS\\Kilife\\wp-content\\themes\\blocksy\\inc\\classes\\blocksy-blocks-parser.php","line":19}

